<?xml version="1.0" encoding="UTF-8"?>
<!-- Generated by org.testng.reporters.JUnitReportReporter -->
<testsuite skipped="0" hostname="WINDOWS-4CP03MR" name="tests.Testing2" tests="2" failures="0" timestamp="2022-11-13T13:02:14 EST" time="0.011" errors="0">
  <testcase name="test5" time="0.008" classname="tests.Testing2"/>
  <testcase name="test4" time="0.003" classname="tests.Testing2"/>
</testsuite> <!-- tests.Testing2 -->
