<?xml version="1.0" encoding="UTF-8"?>
<!-- Generated by org.testng.reporters.JUnitReportReporter -->
<testsuite skipped="0" hostname="WINDOWS-4CP03MR" name="selenium.Testing2" tests="2" failures="0" timestamp="2022-11-12T10:53:31 EST" time="0.004" errors="0">
  <testcase name="test5" time="0.002" classname="selenium.Testing2"/>
  <testcase name="test4" time="0.002" classname="selenium.Testing2"/>
</testsuite> <!-- selenium.Testing2 -->
