<?xml version="1.0" encoding="UTF-8"?>
<!-- Generated by org.testng.reporters.JUnitReportReporter -->
<testsuite skipped="0" hostname="WINDOWS-4CP03MR" name="com.crm.qa.testdata.LoginPageTest" tests="3" failures="0" timestamp="2022-12-14T21:20:23 EST" time="30.434" errors="0">
  <testcase name="loginPageTitleTest" time="10.420" classname="com.crm.qa.testdata.LoginPageTest"/>
  <testcase name="crmLogoImageTest" time="8.548" classname="com.crm.qa.testdata.LoginPageTest"/>
  <testcase name="loginTest" time="11.466" classname="com.crm.qa.testdata.LoginPageTest"/>
</testsuite> <!-- com.crm.qa.testdata.LoginPageTest -->
