<?xml version="1.0" encoding="UTF-8"?>
<!-- Generated by org.testng.reporters.JUnitReportReporter -->
<testsuite skipped="0" hostname="WINDOWS-4CP03MR" name="test.LogInTest" tests="4" failures="0" timestamp="2022-11-14T20:15:53 EST" time="25.112" errors="0">
  <testcase name="wrongUserWrongPassword" time="5.510" classname="test.LogInTest"/>
  <testcase name="logInSuccess" time="5.494" classname="test.LogInTest"/>
  <testcase name="emptyPassword" time="5.607" classname="test.LogInTest"/>
  <testcase name="emptyUserEmptyPassword" time="8.501" classname="test.LogInTest"/>
</testsuite> <!-- test.LogInTest -->
