<?xml version="1.0" encoding="UTF-8"?>
<!-- Generated by org.testng.reporters.JUnitReportReporter -->
<testsuite skipped="0" hostname="WINDOWS-4CP03MR" name="com.dhara.testcases.LoginTest" tests="4" failures="0" timestamp="2022-10-17T21:20:14 EDT" time="0.033" errors="0">
  <testcase name="test1" time="0.019" classname="com.dhara.testcases.LoginTest"/>
  <testcase name="test2" time="0.006" classname="com.dhara.testcases.LoginTest"/>
  <testcase name="test4" time="0.004" classname="com.dhara.testcases.LoginTest"/>
  <testcase name="test3" time="0.004" classname="com.dhara.testcases.LoginTest"/>
</testsuite> <!-- com.dhara.testcases.LoginTest -->
