<?xml version="1.0" encoding="UTF-8"?>
<!-- Generated by org.testng.reporters.JUnitReportReporter -->
<testsuite skipped="0" hostname="WINDOWS-4CP03MR" name="com.dhara.testcases.LoginTest4" tests="4" failures="0" timestamp="2022-10-17T21:29:20 EDT" time="0.010" errors="0">
  <testcase name="test1" time="0.005" classname="com.dhara.testcases.LoginTest4"/>
  <testcase name="test3" time="0.002" classname="com.dhara.testcases.LoginTest4"/>
  <testcase name="test2" time="0.002" classname="com.dhara.testcases.LoginTest4"/>
  <testcase name="test4" time="0.001" classname="com.dhara.testcases.LoginTest4"/>
</testsuite> <!-- com.dhara.testcases.LoginTest4 -->
